[0719/172600.524:ERROR:process_memory_win.cc(73)] ReadMemory at 0x7ff7b33f0000 of 64 bytes failed: Seule une partie d’une requête ReadProcessMemory ou WriteProcessMemory a été effectuée. (0x12B)
[0719/172601.113:WARNING:pe_image_reader.cc(340)] could not read dos header from C:\Program Files (x86)\Google\Chrome\Application\chrome.exe
[0719/172601.113:ERROR:process_memory_win.cc(73)] ReadMemory at 0x7fff4faa0000 of 64 bytes failed: Seule une partie d’une requête ReadProcessMemory ou WriteProcessMemory a été effectuée. (0x12B)
[0719/172601.113:WARNING:pe_image_reader.cc(340)] could not read dos header from C:\Windows\SYSTEM32\ntdll.dll
[0719/172601.113:ERROR:process_memory_win.cc(73)] ReadMemory at 0x7fff4e300000 of 64 bytes failed: Seule une partie d’une requête ReadProcessMemory ou WriteProcessMemory a été effectuée. (0x12B)
[0719/172601.113:WARNING:pe_image_reader.cc(340)] could not read dos header from C:\Windows\System32\KERNEL32.DLL
[0719/172601.113:ERROR:process_memory_win.cc(73)] ReadMemory at 0x7fff4ce60000 of 64 bytes failed: Seule une partie d’une requête ReadProcessMemory ou WriteProcessMemory a été effectuée. (0x12B)
[0719/172601.113:WARNING:pe_image_reader.cc(340)] could not read dos header from C:\Windows\System32\KERNELBASE.dll
[0719/172601.113:ERROR:process_memory_win.cc(73)] ReadMemory at 0x7fff451c0000 of 64 bytes failed: Seule une partie d’une requête ReadProcessMemory ou WriteProcessMemory a été effectuée. (0x12B)
[0719/172601.113:WARNING:pe_image_reader.cc(340)] could not read dos header from C:\Program Files (x86)\Google\Chrome\Application\83.0.4103.116\chrome_elf.dll
[0719/172601.113:ERROR:process_memory_win.cc(73)] ReadMemory at 0x7fff40fc0000 of 64 bytes failed: Seule une partie d’une requête ReadProcessMemory ou WriteProcessMemory a été effectuée. (0x12B)
[0719/172601.113:WARNING:pe_image_reader.cc(340)] could not read dos header from C:\Windows\SYSTEM32\VERSION.dll
[0719/172601.113:ERROR:process_memory_win.cc(73)] ReadMemory at 0x7fff4eb20000 of 64 bytes failed: Seule une partie d’une requête ReadProcessMemory ou WriteProcessMemory a été effectuée. (0x12B)
[0719/172601.113:WARNING:pe_image_reader.cc(340)] could not read dos header from C:\Windows\System32\msvcrt.dll
[0719/172601.113:ERROR:process_memory_win.cc(73)] ReadMemory at 0x7fff4ca70000 of 64 bytes failed: Seule une partie d’une requête ReadProcessMemory ou WriteProcessMemory a été effectuée. (0x12B)
[0719/172601.113:WARNING:pe_image_reader.cc(340)] could not read dos header from C:\Windows\System32\bcryptPrimitives.dll
[0719/172601.113:ERROR:process_memory_win.cc(73)] ReadMemory at 0x7fff4f880000 of 64 bytes failed: Seule une partie d’une requête ReadProcessMemory ou WriteProcessMemory a été effectuée. (0x12B)
[0719/172601.113:WARNING:pe_image_reader.cc(340)] could not read dos header from C:\Windows\System32\ADVAPI32.dll
[0719/172601.113:ERROR:process_memory_win.cc(73)] ReadMemory at 0x7fff4e0f0000 of 64 bytes failed: Seule une partie d’une requête ReadProcessMemory ou WriteProcessMemory a été effectuée. (0x12B)
[0719/172601.113:WARNING:pe_image_reader.cc(340)] could not read dos header from C:\Windows\System32\sechost.dll
[0719/172601.113:ERROR:process_memory_win.cc(73)] ReadMemory at 0x7fff4ea00000 of 64 bytes failed: Seule une partie d’une requête ReadProcessMemory ou WriteProcessMemory a été effectuée. (0x12B)
[0719/172601.113:WARNING:pe_image_reader.cc(340)] could not read dos header from C:\Windows\System32\RPCRT4.dll
[0719/172601.113:ERROR:process_memory_win.cc(73)] ReadMemory at 0x7fff07560000 of 64 bytes failed: Seule une partie d’une requête ReadProcessMemory ou WriteProcessMemory a été effectuée. (0x12B)
[0719/172601.113:WARNING:pe_image_reader.cc(340)] could not read dos header from C:\Program Files (x86)\Google\Chrome\Application\83.0.4103.116\chrome.dll
[0719/172601.113:ERROR:process_memory_win.cc(73)] ReadMemory at 0x7fff4ed20000 of 64 bytes failed: Seule une partie d’une requête ReadProcessMemory ou WriteProcessMemory a été effectuée. (0x12B)
[0719/172601.113:WARNING:pe_image_reader.cc(340)] could not read dos header from C:\Windows\System32\WS2_32.dll
[0719/172601.113:ERROR:process_memory_win.cc(73)] ReadMemory at 0x7fff4f990000 of 64 bytes failed: Seule une partie d’une requête ReadProcessMemory ou WriteProcessMemory a été effectuée. (0x12B)
[0719/172601.113:WARNING:pe_image_reader.cc(340)] could not read dos header from C:\Windows\System32\OLEAUT32.dll
[0719/172601.113:ERROR:process_memory_win.cc(73)] ReadMemory at 0x7fff4cdc0000 of 64 bytes failed: Seule une partie d’une requête ReadProcessMemory ou WriteProcessMemory a été effectuée. (0x12B)
[0719/172601.113:WARNING:pe_image_reader.cc(340)] could not read dos header from C:\Windows\System32\msvcp_win.dll
[0719/172601.113:ERROR:process_memory_win.cc(73)] ReadMemory at 0x7fff4cc90000 of 64 bytes failed: Seule une partie d’une requête ReadProcessMemory ou WriteProcessMemory a été effectuée. (0x12B)
[0719/172601.113:WARNING:pe_image_reader.cc(340)] could not read dos header from C:\Windows\System32\ucrtbase.dll
[0719/172601.113:ERROR:process_memory_win.cc(73)] ReadMemory at 0x7fff4db50000 of 64 bytes failed: Seule une partie d’une requête ReadProcessMemory ou WriteProcessMemory a été effectuée. (0x12B)
[0719/172601.113:WARNING:pe_image_reader.cc(340)] could not read dos header from C:\Windows\System32\combase.dll
[0719/172601.113:ERROR:process_memory_win.cc(73)] ReadMemory at 0x7fff4daf0000 of 64 bytes failed: Seule une partie d’une requête ReadProcessMemory ou WriteProcessMemory a été effectuée. (0x12B)
[0719/172601.113:WARNING:pe_image_reader.cc(340)] could not read dos header from C:\Windows\System32\WINTRUST.dll
[0719/172601.113:ERROR:process_memory_win.cc(73)] ReadMemory at 0x7fff4ca00000 of 64 bytes failed: Seule une partie d’une requête ReadProcessMemory ou WriteProcessMemory a été effectuée. (0x12B)
[0719/172601.113:WARNING:pe_image_reader.cc(340)] could not read dos header from C:\Windows\System32\MSASN1.dll
[0719/172601.113:ERROR:process_memory_win.cc(73)] ReadMemory at 0x7fff4d140000 of 64 bytes failed: Seule une partie d’une requête ReadProcessMemory ou WriteProcessMemory a été effectuée. (0x12B)
[0719/172601.113:WARNING:pe_image_reader.cc(340)] could not read dos header from C:\Windows\System32\CRYPT32.dll
[0719/172601.113:ERROR:process_memory_win.cc(73)] ReadMemory at 0x7fff4be70000 of 64 bytes failed: Seule une partie d’une requête ReadProcessMemory ou WriteProcessMemory a été effectuée. (0x12B)
[0719/172601.113:WARNING:pe_image_reader.cc(340)] could not read dos header from C:\Windows\SYSTEM32\IPHLPAPI.DLL
[0719/172601.113:ERROR:process_memory_win.cc(73)] ReadMemory at 0x7fff49f90000 of 64 bytes failed: Seule une partie d’une requête ReadProcessMemory ou WriteProcessMemory a été effectuée. (0x12B)
[0719/172601.113:WARNING:pe_image_reader.cc(340)] could not read dos header from C:\Windows\SYSTEM32\WINMM.dll
[0719/172601.113:ERROR:process_memory_win.cc(73)] ReadMemory at 0x7fff38480000 of 64 bytes failed: Seule une partie d’une requête ReadProcessMemory ou WriteProcessMemory a été effectuée. (0x12B)
[0719/172601.113:WARNING:pe_image_reader.cc(340)] could not read dos header from C:\Windows\SYSTEM32\Secur32.dll
[0719/172601.113:ERROR:process_memory_win.cc(73)] ReadMemory at 0x7fff4c870000 of 64 bytes failed: Seule une partie d’une requête ReadProcessMemory ou WriteProcessMemory a été effectuée. (0x12B)
[0719/172601.113:WARNING:pe_image_reader.cc(340)] could not read dos header from C:\Windows\SYSTEM32\USERENV.dll
[0719/172601.113:ERROR:process_memory_win.cc(73)] ReadMemory at 0x7fff4c9d0000 of 64 bytes failed: Seule une partie d’une requête ReadProcessMemory ou WriteProcessMemory a été effectuée. (0x12B)
[0719/172601.113:WARNING:pe_image_reader.cc(340)] could not read dos header from C:\Windows\System32\profapi.dll
[0719/172601.113:ERROR:process_memory_win.cc(73)] ReadMemory at 0x7fff27030000 of 64 bytes failed: Seule une partie d’une requête ReadProcessMemory ou WriteProcessMemory a été effectuée. (0x12B)
[0719/172601.113:WARNING:pe_image_reader.cc(340)] could not read dos header from C:\Windows\SYSTEM32\UIAutomationCore.DLL
[0719/172601.113:ERROR:process_memory_win.cc(73)] ReadMemory at 0x7fff3da50000 of 64 bytes failed: Seule une partie d’une requête ReadProcessMemory ou WriteProcessMemory a été effectuée. (0x12B)
[0719/172601.113:WARNING:pe_image_reader.cc(340)] could not read dos header from C:\Windows\SYSTEM32\DWrite.dll
[0719/172601.113:ERROR:process_memory_win.cc(73)] ReadMemory at 0x7fff40f20000 of 64 bytes failed: Seule une partie d’une requête ReadProcessMemory ou WriteProcessMemory a été effectuée. (0x12B)
[0719/172601.113:WARNING:pe_image_reader.cc(340)] could not read dos header from C:\Windows\SYSTEM32\WINSPOOL.DRV
[0719/172601.113:ERROR:process_memory_win.cc(73)] ReadMemory at 0x7fff4c960000 of 64 bytes failed: Seule une partie d’une requête ReadProcessMemory ou WriteProcessMemory a été effectuée. (0x12B)
[0719/172601.113:WARNING:pe_image_reader.cc(340)] could not read dos header from C:\Windows\System32\kernel.appcore.dll
[0719/172601.113:ERROR:process_memory_win.cc(73)] ReadMemory at 0x7fff4cd90000 of 64 bytes failed: Seule une partie d’une requête ReadProcessMemory ou WriteProcessMemory a été effectuée. (0x12B)
[0719/172601.113:WARNING:pe_image_reader.cc(340)] could not read dos header from C:\Windows\System32\bcrypt.dll
[0719/172601.113:ERROR:process_memory_win.cc(73)] ReadMemory at 0x7fff4b290000 of 64 bytes failed: Seule une partie d’une requête ReadProcessMemory ou WriteProcessMemory a été effectuée. (0x12B)
[0719/172601.113:WARNING:pe_image_reader.cc(340)] could not read dos header from C:\Windows\SYSTEM32\dbghelp.dll
[0719/172601.113:ERROR:process_memory_win.cc(73)] ReadMemory at 0x7fff407c0000 of 64 bytes failed: Seule une partie d’une requête ReadProcessMemory ou WriteProcessMemory a été effectuée. (0x12B)
[0719/172601.113:WARNING:pe_image_reader.cc(340)] could not read dos header from C:\Windows\SYSTEM32\WINHTTP.dll
[0719/172601.113:ERROR:process_memory_win.cc(73)] ReadMemory at 0x7fff42830000 of 64 bytes failed: Seule une partie d’une requête ReadProcessMemory ou WriteProcessMemory a été effectuée. (0x12B)
[0719/172601.113:WARNING:pe_image_reader.cc(340)] could not read dos header from C:\Windows\SYSTEM32\dhcpcsvc.DLL
[0719/172601.113:ERROR:process_memory_win.cc(73)] ReadMemory at 0x7fff4ef70000 of 64 bytes failed: Seule une partie d’une requête ReadProcessMemory ou WriteProcessMemory a été effectuée. (0x12B)
[0719/172601.113:WARNING:pe_image_reader.cc(340)] could not read dos header from C:\Windows\System32\NSI.dll
[0719/172601.113:ERROR:process_memory_win.cc(73)] ReadMemory at 0x7fff49ed0000 of 64 bytes failed: Seule une partie d’une requête ReadProcessMemory ou WriteProcessMemory a été effectuée. (0x12B)
[0719/172601.113:WARNING:pe_image_reader.cc(340)] could not read dos header from C:\Windows\SYSTEM32\WINMMBASE.dll
[0719/172601.113:ERROR:process_memory_win.cc(73)] ReadMemory at 0x7fff4ca20000 of 64 bytes failed: Seule une partie d’une requête ReadProcessMemory ou WriteProcessMemory a été effectuée. (0x12B)
[0719/172601.113:WARNING:pe_image_reader.cc(340)] could not read dos header from C:\Windows\System32\cfgmgr32.dll
[0719/172601.113:ERROR:process_memory_win.cc(73)] ReadMemory at 0x7fff4af10000 of 64 bytes failed: Seule une partie d’une requête ReadProcessMemory ou WriteProcessMemory a été effectuée. (0x12B)
[0719/172601.113:WARNING:pe_image_reader.cc(340)] could not read dos header from C:\Windows\SYSTEM32\PROPSYS.dll
[0719/172601.113:ERROR:process_memory_win.cc(73)] ReadMemory at 0x7fff4e8d0000 of 64 bytes failed: Seule une partie d’une requête ReadProcessMemory ou WriteProcessMemory a été effectuée. (0x12B)
[0719/172601.113:WARNING:pe_image_reader.cc(340)] could not read dos header from C:\Windows\System32\shcore.dll
[0719/172601.113:ERROR:process_memory_win.cc(73)] ReadMemory at 0x7fff4c840000 of 64 bytes failed: Seule une partie d’une requête ReadProcessMemory ou WriteProcessMemory a été effectuée. (0x12B)
[0719/172601.113:WARNING:pe_image_reader.cc(340)] could not read dos header from C:\Windows\SYSTEM32\SSPICLI.DLL
[0719/172601.113:ERROR:process_memory_win.cc(73)] ReadMemory at 0x7fff4c390000 of 64 bytes failed: Seule une partie d’une requête ReadProcessMemory ou WriteProcessMemory a été effectuée. (0x12B)
[0719/172601.113:WARNING:pe_image_reader.cc(340)] could not read dos header from C:\Windows\SYSTEM32\CRYPTBASE.DLL
[0719/172601.315:ERROR:process_memory_win.cc(73)] ReadMemory at 0x7ff7b33f0000 of 64 bytes failed: Seule une partie d’une requête ReadProcessMemory ou WriteProcessMemory a été effectuée. (0x12B)
[0719/172601.315:WARNING:pe_image_reader.cc(340)] could not read dos header from C:\Program Files (x86)\Google\Chrome\Application\chrome.exe
[0719/172601.315:ERROR:process_memory_win.cc(73)] ReadMemory at 0x7fff4faa0000 of 64 bytes failed: Seule une partie d’une requête ReadProcessMemory ou WriteProcessMemory a été effectuée. (0x12B)
[0719/172601.315:WARNING:pe_image_reader.cc(340)] could not read dos header from C:\Windows\SYSTEM32\ntdll.dll
[0719/172601.315:ERROR:process_memory_win.cc(73)] ReadMemory at 0x7fff4e300000 of 64 bytes failed: Seule une partie d’une requête ReadProcessMemory ou WriteProcessMemory a été effectuée. (0x12B)
[0719/172601.315:WARNING:pe_image_reader.cc(340)] could not read dos header from C:\Windows\System32\KERNEL32.DLL
[0719/172601.315:ERROR:process_memory_win.cc(73)] ReadMemory at 0x7fff4ce60000 of 64 bytes failed: Seule une partie d’une requête ReadProcessMemory ou WriteProcessMemory a été effectuée. (0x12B)
[0719/172601.315:WARNING:pe_image_reader.cc(340)] could not read dos header from C:\Windows\System32\KERNELBASE.dll
[0719/172601.315:ERROR:process_memory_win.cc(73)] ReadMemory at 0x7fff451c0000 of 64 bytes failed: Seule une partie d’une requête ReadProcessMemory ou WriteProcessMemory a été effectuée. (0x12B)
[0719/172601.315:WARNING:pe_image_reader.cc(340)] could not read dos header from C:\Program Files (x86)\Google\Chrome\Application\83.0.4103.116\chrome_elf.dll
[0719/172601.315:ERROR:process_memory_win.cc(73)] ReadMemory at 0x7fff40fc0000 of 64 bytes failed: Seule une partie d’une requête ReadProcessMemory ou WriteProcessMemory a été effectuée. (0x12B)
[0719/172601.315:WARNING:pe_image_reader.cc(340)] could not read dos header from C:\Windows\SYSTEM32\VERSION.dll
[0719/172601.315:ERROR:process_memory_win.cc(73)] ReadMemory at 0x7fff4eb20000 of 64 bytes failed: Seule une partie d’une requête ReadProcessMemory ou WriteProcessMemory a été effectuée. (0x12B)
[0719/172601.315:WARNING:pe_image_reader.cc(340)] could not read dos header from C:\Windows\System32\msvcrt.dll
[0719/172601.315:ERROR:process_memory_win.cc(73)] ReadMemory at 0x7fff4ca70000 of 64 bytes failed: Seule une partie d’une requête ReadProcessMemory ou WriteProcessMemory a été effectuée. (0x12B)
[0719/172601.315:WARNING:pe_image_reader.cc(340)] could not read dos header from C:\Windows\System32\bcryptPrimitives.dll
[0719/172601.315:ERROR:process_memory_win.cc(73)] ReadMemory at 0x7fff4f880000 of 64 bytes failed: Seule une partie d’une requête ReadProcessMemory ou WriteProcessMemory a été effectuée. (0x12B)
[0719/172601.315:WARNING:pe_image_reader.cc(340)] could not read dos header from C:\Windows\System32\ADVAPI32.dll
[0719/172601.315:ERROR:process_memory_win.cc(73)] ReadMemory at 0x7fff4e0f0000 of 64 bytes failed: Seule une partie d’une requête ReadProcessMemory ou WriteProcessMemory a été effectuée. (0x12B)
[0719/172601.315:WARNING:pe_image_reader.cc(340)] could not read dos header from C:\Windows\System32\sechost.dll
[0719/172601.315:ERROR:process_memory_win.cc(73)] ReadMemory at 0x7fff4ea00000 of 64 bytes failed: Seule une partie d’une requête ReadProcessMemory ou WriteProcessMemory a été effectuée. (0x12B)
[0719/172601.315:WARNING:pe_image_reader.cc(340)] could not read dos header from C:\Windows\System32\RPCRT4.dll
[0719/172601.315:ERROR:process_memory_win.cc(73)] ReadMemory at 0x7fff07560000 of 64 bytes failed: Seule une partie d’une requête ReadProcessMemory ou WriteProcessMemory a été effectuée. (0x12B)
[0719/172601.315:WARNING:pe_image_reader.cc(340)] could not read dos header from C:\Program Files (x86)\Google\Chrome\Application\83.0.4103.116\chrome.dll
[0719/172601.315:ERROR:process_memory_win.cc(73)] ReadMemory at 0x7fff4ed20000 of 64 bytes failed: Seule une partie d’une requête ReadProcessMemory ou WriteProcessMemory a été effectuée. (0x12B)
[0719/172601.315:WARNING:pe_image_reader.cc(340)] could not read dos header from C:\Windows\System32\WS2_32.dll
[0719/172601.315:ERROR:process_memory_win.cc(73)] ReadMemory at 0x7fff4f990000 of 64 bytes failed: Seule une partie d’une requête ReadProcessMemory ou WriteProcessMemory a été effectuée. (0x12B)
[0719/172601.315:WARNING:pe_image_reader.cc(340)] could not read dos header from C:\Windows\System32\OLEAUT32.dll
[0719/172601.315:ERROR:process_memory_win.cc(73)] ReadMemory at 0x7fff4cdc0000 of 64 bytes failed: Seule une partie d’une requête ReadProcessMemory ou WriteProcessMemory a été effectuée. (0x12B)
[0719/172601.315:WARNING:pe_image_reader.cc(340)] could not read dos header from C:\Windows\System32\msvcp_win.dll
[0719/172601.315:ERROR:process_memory_win.cc(73)] ReadMemory at 0x7fff4cc90000 of 64 bytes failed: Seule une partie d’une requête ReadProcessMemory ou WriteProcessMemory a été effectuée. (0x12B)
[0719/172601.315:WARNING:pe_image_reader.cc(340)] could not read dos header from C:\Windows\System32\ucrtbase.dll
[0719/172601.315:ERROR:process_memory_win.cc(73)] ReadMemory at 0x7fff4db50000 of 64 bytes failed: Seule une partie d’une requête ReadProcessMemory ou WriteProcessMemory a été effectuée. (0x12B)
[0719/172601.315:WARNING:pe_image_reader.cc(340)] could not read dos header from C:\Windows\System32\combase.dll
[0719/172601.315:ERROR:process_memory_win.cc(73)] ReadMemory at 0x7fff4daf0000 of 64 bytes failed: Seule une partie d’une requête ReadProcessMemory ou WriteProcessMemory a été effectuée. (0x12B)
[0719/172601.315:WARNING:pe_image_reader.cc(340)] could not read dos header from C:\Windows\System32\WINTRUST.dll
[0719/172601.315:ERROR:process_memory_win.cc(73)] ReadMemory at 0x7fff4ca00000 of 64 bytes failed: Seule une partie d’une requête ReadProcessMemory ou WriteProcessMemory a été effectuée. (0x12B)
[0719/172601.315:WARNING:pe_image_reader.cc(340)] could not read dos header from C:\Windows\System32\MSASN1.dll
[0719/172601.315:ERROR:process_memory_win.cc(73)] ReadMemory at 0x7fff4d140000 of 64 bytes failed: Seule une partie d’une requête ReadProcessMemory ou WriteProcessMemory a été effectuée. (0x12B)
[0719/172601.315:WARNING:pe_image_reader.cc(340)] could not read dos header from C:\Windows\System32\CRYPT32.dll
[0719/172601.315:ERROR:process_memory_win.cc(73)] ReadMemory at 0x7fff4be70000 of 64 bytes failed: Seule une partie d’une requête ReadProcessMemory ou WriteProcessMemory a été effectuée. (0x12B)
[0719/172601.315:WARNING:pe_image_reader.cc(340)] could not read dos header from C:\Windows\SYSTEM32\IPHLPAPI.DLL
[0719/172601.315:ERROR:process_memory_win.cc(73)] ReadMemory at 0x7fff49f90000 of 64 bytes failed: Seule une partie d’une requête ReadProcessMemory ou WriteProcessMemory a été effectuée. (0x12B)
[0719/172601.315:WARNING:pe_image_reader.cc(340)] could not read dos header from C:\Windows\SYSTEM32\WINMM.dll
[0719/172601.315:ERROR:process_memory_win.cc(73)] ReadMemory at 0x7fff38480000 of 64 bytes failed: Seule une partie d’une requête ReadProcessMemory ou WriteProcessMemory a été effectuée. (0x12B)
[0719/172601.315:WARNING:pe_image_reader.cc(340)] could not read dos header from C:\Windows\SYSTEM32\Secur32.dll
[0719/172601.315:ERROR:process_memory_win.cc(73)] ReadMemory at 0x7fff4c870000 of 64 bytes failed: Seule une partie d’une requête ReadProcessMemory ou WriteProcessMemory a été effectuée. (0x12B)
[0719/172601.315:WARNING:pe_image_reader.cc(340)] could not read dos header from C:\Windows\SYSTEM32\USERENV.dll
[0719/172601.315:ERROR:process_memory_win.cc(73)] ReadMemory at 0x7fff4c9d0000 of 64 bytes failed: Seule une partie d’une requête ReadProcessMemory ou WriteProcessMemory a été effectuée. (0x12B)
[0719/172601.315:WARNING:pe_image_reader.cc(340)] could not read dos header from C:\Windows\System32\profapi.dll
[0719/172601.315:ERROR:process_memory_win.cc(73)] ReadMemory at 0x7fff27030000 of 64 bytes failed: Seule une partie d’une requête ReadProcessMemory ou WriteProcessMemory a été effectuée. (0x12B)
[0719/172601.315:WARNING:pe_image_reader.cc(340)] could not read dos header from C:\Windows\SYSTEM32\UIAutomationCore.DLL
[0719/172601.315:ERROR:process_memory_win.cc(73)] ReadMemory at 0x7fff3da50000 of 64 bytes failed: Seule une partie d’une requête ReadProcessMemory ou WriteProcessMemory a été effectuée. (0x12B)
[0719/172601.315:WARNING:pe_image_reader.cc(340)] could not read dos header from C:\Windows\SYSTEM32\DWrite.dll
[0719/172601.315:ERROR:process_memory_win.cc(73)] ReadMemory at 0x7fff40f20000 of 64 bytes failed: Seule une partie d’une requête ReadProcessMemory ou WriteProcessMemory a été effectuée. (0x12B)
[0719/172601.315:WARNING:pe_image_reader.cc(340)] could not read dos header from C:\Windows\SYSTEM32\WINSPOOL.DRV
[0719/172601.315:ERROR:process_memory_win.cc(73)] ReadMemory at 0x7fff4c960000 of 64 bytes failed: Seule une partie d’une requête ReadProcessMemory ou WriteProcessMemory a été effectuée. (0x12B)
[0719/172601.315:WARNING:pe_image_reader.cc(340)] could not read dos header from C:\Windows\System32\kernel.appcore.dll
[0719/172601.315:ERROR:process_memory_win.cc(73)] ReadMemory at 0x7fff4cd90000 of 64 bytes failed: Seule une partie d’une requête ReadProcessMemory ou WriteProcessMemory a été effectuée. (0x12B)
[0719/172601.315:WARNING:pe_image_reader.cc(340)] could not read dos header from C:\Windows\System32\bcrypt.dll
[0719/172601.315:ERROR:process_memory_win.cc(73)] ReadMemory at 0x7fff4b290000 of 64 bytes failed: Seule une partie d’une requête ReadProcessMemory ou WriteProcessMemory a été effectuée. (0x12B)
[0719/172601.315:WARNING:pe_image_reader.cc(340)] could not read dos header from C:\Windows\SYSTEM32\dbghelp.dll
[0719/172601.315:ERROR:process_memory_win.cc(73)] ReadMemory at 0x7fff407c0000 of 64 bytes failed: Seule une partie d’une requête ReadProcessMemory ou WriteProcessMemory a été effectuée. (0x12B)
[0719/172601.315:WARNING:pe_image_reader.cc(340)] could not read dos header from C:\Windows\SYSTEM32\WINHTTP.dll
[0719/172601.315:ERROR:process_memory_win.cc(73)] ReadMemory at 0x7fff42830000 of 64 bytes failed: Seule une partie d’une requête ReadProcessMemory ou WriteProcessMemory a été effectuée. (0x12B)
[0719/172601.315:WARNING:pe_image_reader.cc(340)] could not read dos header from C:\Windows\SYSTEM32\dhcpcsvc.DLL
[0719/172601.315:ERROR:process_memory_win.cc(73)] ReadMemory at 0x7fff4ef70000 of 64 bytes failed: Seule une partie d’une requête ReadProcessMemory ou WriteProcessMemory a été effectuée. (0x12B)
[0719/172601.315:WARNING:pe_image_reader.cc(340)] could not read dos header from C:\Windows\System32\NSI.dll
[0719/172601.315:ERROR:process_memory_win.cc(73)] ReadMemory at 0x7fff49ed0000 of 64 bytes failed: Seule une partie d’une requête ReadProcessMemory ou WriteProcessMemory a été effectuée. (0x12B)
[0719/172601.315:WARNING:pe_image_reader.cc(340)] could not read dos header from C:\Windows\SYSTEM32\WINMMBASE.dll
[0719/172601.315:ERROR:process_memory_win.cc(73)] ReadMemory at 0x7fff4ca20000 of 64 bytes failed: Seule une partie d’une requête ReadProcessMemory ou WriteProcessMemory a été effectuée. (0x12B)
[0719/172601.315:WARNING:pe_image_reader.cc(340)] could not read dos header from C:\Windows\System32\cfgmgr32.dll
[0719/172601.315:ERROR:process_memory_win.cc(73)] ReadMemory at 0x7fff4af10000 of 64 bytes failed: Seule une partie d’une requête ReadProcessMemory ou WriteProcessMemory a été effectuée. (0x12B)
[0719/172601.315:WARNING:pe_image_reader.cc(340)] could not read dos header from C:\Windows\SYSTEM32\PROPSYS.dll
[0719/172601.315:ERROR:process_memory_win.cc(73)] ReadMemory at 0x7fff4e8d0000 of 64 bytes failed: Seule une partie d’une requête ReadProcessMemory ou WriteProcessMemory a été effectuée. (0x12B)
[0719/172601.315:WARNING:pe_image_reader.cc(340)] could not read dos header from C:\Windows\System32\shcore.dll
[0719/172601.315:ERROR:process_memory_win.cc(73)] ReadMemory at 0x7fff4c840000 of 64 bytes failed: Seule une partie d’une requête ReadProcessMemory ou WriteProcessMemory a été effectuée. (0x12B)
[0719/172601.315:WARNING:pe_image_reader.cc(340)] could not read dos header from C:\Windows\SYSTEM32\SSPICLI.DLL
[0719/172601.315:ERROR:process_memory_win.cc(73)] ReadMemory at 0x7fff4c390000 of 64 bytes failed: Seule une partie d’une requête ReadProcessMemory ou WriteProcessMemory a été effectuée. (0x12B)
[0719/172601.315:WARNING:pe_image_reader.cc(340)] could not read dos header from C:\Windows\SYSTEM32\CRYPTBASE.DLL
[0719/172601.315:ERROR:process_memory_win.cc(73)] ReadMemory at 0x7ff7b33f0000 of 64 bytes failed: Seule une partie d’une requête ReadProcessMemory ou WriteProcessMemory a été effectuée. (0x12B)
[0719/172601.315:WARNING:pe_image_reader.cc(340)] could not read dos header from C:\Program Files (x86)\Google\Chrome\Application\chrome.exe
[0719/172601.315:ERROR:process_memory_win.cc(73)] ReadMemory at 0x7fff4faa0000 of 64 bytes failed: Seule une partie d’une requête ReadProcessMemory ou WriteProcessMemory a été effectuée. (0x12B)
[0719/172601.315:WARNING:pe_image_reader.cc(340)] could not read dos header from C:\Windows\SYSTEM32\ntdll.dll
[0719/172601.315:ERROR:process_memory_win.cc(73)] ReadMemory at 0x7fff4e300000 of 64 bytes failed: Seule une partie d’une requête ReadProcessMemory ou WriteProcessMemory a été effectuée. (0x12B)
[0719/172601.315:WARNING:pe_image_reader.cc(340)] could not read dos header from C:\Windows\System32\KERNEL32.DLL
[0719/172601.315:ERROR:process_memory_win.cc(73)] ReadMemory at 0x7fff4ce60000 of 64 bytes failed: Seule une partie d’une requête ReadProcessMemory ou WriteProcessMemory a été effectuée. (0x12B)
[0719/172601.315:WARNING:pe_image_reader.cc(340)] could not read dos header from C:\Windows\System32\KERNELBASE.dll
[0719/172601.315:ERROR:process_memory_win.cc(73)] ReadMemory at 0x7fff451c0000 of 64 bytes failed: Seule une partie d’une requête ReadProcessMemory ou WriteProcessMemory a été effectuée. (0x12B)
[0719/172601.315:WARNING:pe_image_reader.cc(340)] could not read dos header from C:\Program Files (x86)\Google\Chrome\Application\83.0.4103.116\chrome_elf.dll
[0719/172601.315:ERROR:process_memory_win.cc(73)] ReadMemory at 0x7fff40fc0000 of 64 bytes failed: Seule une partie d’une requête ReadProcessMemory ou WriteProcessMemory a été effectuée. (0x12B)
[0719/172601.315:WARNING:pe_image_reader.cc(340)] could not read dos header from C:\Windows\SYSTEM32\VERSION.dll
[0719/172601.315:ERROR:process_memory_win.cc(73)] ReadMemory at 0x7fff4eb20000 of 64 bytes failed: Seule une partie d’une requête ReadProcessMemory ou WriteProcessMemory a été effectuée. (0x12B)
[0719/172601.315:WARNING:pe_image_reader.cc(340)] could not read dos header from C:\Windows\System32\msvcrt.dll
[0719/172601.315:ERROR:process_memory_win.cc(73)] ReadMemory at 0x7fff4ca70000 of 64 bytes failed: Seule une partie d’une requête ReadProcessMemory ou WriteProcessMemory a été effectuée. (0x12B)
[0719/172601.315:WARNING:pe_image_reader.cc(340)] could not read dos header from C:\Windows\System32\bcryptPrimitives.dll
[0719/172601.315:ERROR:process_memory_win.cc(73)] ReadMemory at 0x7fff4f880000 of 64 bytes failed: Seule une partie d’une requête ReadProcessMemory ou WriteProcessMemory a été effectuée. (0x12B)
[0719/172601.315:WARNING:pe_image_reader.cc(340)] could not read dos header from C:\Windows\System32\ADVAPI32.dll
[0719/172601.315:ERROR:process_memory_win.cc(73)] ReadMemory at 0x7fff4e0f0000 of 64 bytes failed: Seule une partie d’une requête ReadProcessMemory ou WriteProcessMemory a été effectuée. (0x12B)
[0719/172601.315:WARNING:pe_image_reader.cc(340)] could not read dos header from C:\Windows\System32\sechost.dll
[0719/172601.315:ERROR:process_memory_win.cc(73)] ReadMemory at 0x7fff4ea00000 of 64 bytes failed: Seule une partie d’une requête ReadProcessMemory ou WriteProcessMemory a été effectuée. (0x12B)
[0719/172601.315:WARNING:pe_image_reader.cc(340)] could not read dos header from C:\Windows\System32\RPCRT4.dll
[0719/172601.315:ERROR:process_memory_win.cc(73)] ReadMemory at 0x7fff07560000 of 64 bytes failed: Seule une partie d’une requête ReadProcessMemory ou WriteProcessMemory a été effectuée. (0x12B)
[0719/172601.315:WARNING:pe_image_reader.cc(340)] could not read dos header from C:\Program Files (x86)\Google\Chrome\Application\83.0.4103.116\chrome.dll
[0719/172601.315:ERROR:process_memory_win.cc(73)] ReadMemory at 0x7fff4ed20000 of 64 bytes failed: Seule une partie d’une requête ReadProcessMemory ou WriteProcessMemory a été effectuée. (0x12B)
[0719/172601.315:WARNING:pe_image_reader.cc(340)] could not read dos header from C:\Windows\System32\WS2_32.dll
[0719/172601.315:ERROR:process_memory_win.cc(73)] ReadMemory at 0x7fff4f990000 of 64 bytes failed: Seule une partie d’une requête ReadProcessMemory ou WriteProcessMemory a été effectuée. (0x12B)
[0719/172601.315:WARNING:pe_image_reader.cc(340)] could not read dos header from C:\Windows\System32\OLEAUT32.dll
[0719/172601.315:ERROR:process_memory_win.cc(73)] ReadMemory at 0x7fff4cdc0000 of 64 bytes failed: Seule une partie d’une requête ReadProcessMemory ou WriteProcessMemory a été effectuée. (0x12B)
[0719/172601.315:WARNING:pe_image_reader.cc(340)] could not read dos header from C:\Windows\System32\msvcp_win.dll
[0719/172601.315:ERROR:process_memory_win.cc(73)] ReadMemory at 0x7fff4cc90000 of 64 bytes failed: Seule une partie d’une requête ReadProcessMemory ou WriteProcessMemory a été effectuée. (0x12B)
[0719/172601.315:WARNING:pe_image_reader.cc(340)] could not read dos header from C:\Windows\System32\ucrtbase.dll
[0719/172601.315:ERROR:process_memory_win.cc(73)] ReadMemory at 0x7fff4db50000 of 64 bytes failed: Seule une partie d’une requête ReadProcessMemory ou WriteProcessMemory a été effectuée. (0x12B)
[0719/172601.315:WARNING:pe_image_reader.cc(340)] could not read dos header from C:\Windows\System32\combase.dll
[0719/172601.315:ERROR:process_memory_win.cc(73)] ReadMemory at 0x7fff4daf0000 of 64 bytes failed: Seule une partie d’une requête ReadProcessMemory ou WriteProcessMemory a été effectuée. (0x12B)
[0719/172601.315:WARNING:pe_image_reader.cc(340)] could not read dos header from C:\Windows\System32\WINTRUST.dll
[0719/172601.315:ERROR:process_memory_win.cc(73)] ReadMemory at 0x7fff4ca00000 of 64 bytes failed: Seule une partie d’une requête ReadProcessMemory ou WriteProcessMemory a été effectuée. (0x12B)
[0719/172601.315:WARNING:pe_image_reader.cc(340)] could not read dos header from C:\Windows\System32\MSASN1.dll
[0719/172601.315:ERROR:process_memory_win.cc(73)] ReadMemory at 0x7fff4d140000 of 64 bytes failed: Seule une partie d’une requête ReadProcessMemory ou WriteProcessMemory a été effectuée. (0x12B)
[0719/172601.315:WARNING:pe_image_reader.cc(340)] could not read dos header from C:\Windows\System32\CRYPT32.dll
[0719/172601.315:ERROR:process_memory_win.cc(73)] ReadMemory at 0x7fff4be70000 of 64 bytes failed: Seule une partie d’une requête ReadProcessMemory ou WriteProcessMemory a été effectuée. (0x12B)
[0719/172601.315:WARNING:pe_image_reader.cc(340)] could not read dos header from C:\Windows\SYSTEM32\IPHLPAPI.DLL
[0719/172601.315:ERROR:process_memory_win.cc(73)] ReadMemory at 0x7fff49f90000 of 64 bytes failed: Seule une partie d’une requête ReadProcessMemory ou WriteProcessMemory a été effectuée. (0x12B)
[0719/172601.315:WARNING:pe_image_reader.cc(340)] could not read dos header from C:\Windows\SYSTEM32\WINMM.dll
[0719/172601.315:ERROR:process_memory_win.cc(73)] ReadMemory at 0x7fff38480000 of 64 bytes failed: Seule une partie d’une requête ReadProcessMemory ou WriteProcessMemory a été effectuée. (0x12B)
[0719/172601.315:WARNING:pe_image_reader.cc(340)] could not read dos header from C:\Windows\SYSTEM32\Secur32.dll
[0719/172601.315:ERROR:process_memory_win.cc(73)] ReadMemory at 0x7fff4c870000 of 64 bytes failed: Seule une partie d’une requête ReadProcessMemory ou WriteProcessMemory a été effectuée. (0x12B)
[0719/172601.315:WARNING:pe_image_reader.cc(340)] could not read dos header from C:\Windows\SYSTEM32\USERENV.dll
[0719/172601.315:ERROR:process_memory_win.cc(73)] ReadMemory at 0x7fff4c9d0000 of 64 bytes failed: Seule une partie d’une requête ReadProcessMemory ou WriteProcessMemory a été effectuée. (0x12B)
[0719/172601.315:WARNING:pe_image_reader.cc(340)] could not read dos header from C:\Windows\System32\profapi.dll
[0719/172601.315:ERROR:process_memory_win.cc(73)] ReadMemory at 0x7fff27030000 of 64 bytes failed: Seule une partie d’une requête ReadProcessMemory ou WriteProcessMemory a été effectuée. (0x12B)
[0719/172601.315:WARNING:pe_image_reader.cc(340)] could not read dos header from C:\Windows\SYSTEM32\UIAutomationCore.DLL
[0719/172601.315:ERROR:process_memory_win.cc(73)] ReadMemory at 0x7fff3da50000 of 64 bytes failed: Seule une partie d’une requête ReadProcessMemory ou WriteProcessMemory a été effectuée. (0x12B)
[0719/172601.315:WARNING:pe_image_reader.cc(340)] could not read dos header from C:\Windows\SYSTEM32\DWrite.dll
[0719/172601.315:ERROR:process_memory_win.cc(73)] ReadMemory at 0x7fff40f20000 of 64 bytes failed: Seule une partie d’une requête ReadProcessMemory ou WriteProcessMemory a été effectuée. (0x12B)
[0719/172601.315:WARNING:pe_image_reader.cc(340)] could not read dos header from C:\Windows\SYSTEM32\WINSPOOL.DRV
[0719/172601.315:ERROR:process_memory_win.cc(73)] ReadMemory at 0x7fff4c960000 of 64 bytes failed: Seule une partie d’une requête ReadProcessMemory ou WriteProcessMemory a été effectuée. (0x12B)
[0719/172601.315:WARNING:pe_image_reader.cc(340)] could not read dos header from C:\Windows\System32\kernel.appcore.dll
[0719/172601.315:ERROR:process_memory_win.cc(73)] ReadMemory at 0x7fff4cd90000 of 64 bytes failed: Seule une partie d’une requête ReadProcessMemory ou WriteProcessMemory a été effectuée. (0x12B)
[0719/172601.315:WARNING:pe_image_reader.cc(340)] could not read dos header from C:\Windows\System32\bcrypt.dll
[0719/172601.315:ERROR:process_memory_win.cc(73)] ReadMemory at 0x7fff4b290000 of 64 bytes failed: Seule une partie d’une requête ReadProcessMemory ou WriteProcessMemory a été effectuée. (0x12B)
[0719/172601.315:WARNING:pe_image_reader.cc(340)] could not read dos header from C:\Windows\SYSTEM32\dbghelp.dll
[0719/172601.315:ERROR:process_memory_win.cc(73)] ReadMemory at 0x7fff407c0000 of 64 bytes failed: Seule une partie d’une requête ReadProcessMemory ou WriteProcessMemory a été effectuée. (0x12B)
[0719/172601.315:WARNING:pe_image_reader.cc(340)] could not read dos header from C:\Windows\SYSTEM32\WINHTTP.dll
[0719/172601.315:ERROR:process_memory_win.cc(73)] ReadMemory at 0x7fff42830000 of 64 bytes failed: Seule une partie d’une requête ReadProcessMemory ou WriteProcessMemory a été effectuée. (0x12B)
[0719/172601.315:WARNING:pe_image_reader.cc(340)] could not read dos header from C:\Windows\SYSTEM32\dhcpcsvc.DLL
[0719/172601.315:ERROR:process_memory_win.cc(73)] ReadMemory at 0x7fff4ef70000 of 64 bytes failed: Seule une partie d’une requête ReadProcessMemory ou WriteProcessMemory a été effectuée. (0x12B)
[0719/172601.315:WARNING:pe_image_reader.cc(340)] could not read dos header from C:\Windows\System32\NSI.dll
[0719/172601.315:ERROR:process_memory_win.cc(73)] ReadMemory at 0x7fff49ed0000 of 64 bytes failed: Seule une partie d’une requête ReadProcessMemory ou WriteProcessMemory a été effectuée. (0x12B)
[0719/172601.315:WARNING:pe_image_reader.cc(340)] could not read dos header from C:\Windows\SYSTEM32\WINMMBASE.dll
[0719/172601.315:ERROR:process_memory_win.cc(73)] ReadMemory at 0x7fff4ca20000 of 64 bytes failed: Seule une partie d’une requête ReadProcessMemory ou WriteProcessMemory a été effectuée. (0x12B)
[0719/172601.315:WARNING:pe_image_reader.cc(340)] could not read dos header from C:\Windows\System32\cfgmgr32.dll
[0719/172601.315:ERROR:process_memory_win.cc(73)] ReadMemory at 0x7fff4af10000 of 64 bytes failed: Seule une partie d’une requête ReadProcessMemory ou WriteProcessMemory a été effectuée. (0x12B)
[0719/172601.315:WARNING:pe_image_reader.cc(340)] could not read dos header from C:\Windows\SYSTEM32\PROPSYS.dll
[0719/172601.315:ERROR:process_memory_win.cc(73)] ReadMemory at 0x7fff4e8d0000 of 64 bytes failed: Seule une partie d’une requête ReadProcessMemory ou WriteProcessMemory a été effectuée. (0x12B)
[0719/172601.315:WARNING:pe_image_reader.cc(340)] could not read dos header from C:\Windows\System32\shcore.dll
[0719/172601.315:ERROR:process_memory_win.cc(73)] ReadMemory at 0x7fff4c840000 of 64 bytes failed: Seule une partie d’une requête ReadProcessMemory ou WriteProcessMemory a été effectuée. (0x12B)
[0719/172601.315:WARNING:pe_image_reader.cc(340)] could not read dos header from C:\Windows\SYSTEM32\SSPICLI.DLL
[0719/172601.315:ERROR:process_memory_win.cc(73)] ReadMemory at 0x7fff4c390000 of 64 bytes failed: Seule une partie d’une requête ReadProcessMemory ou WriteProcessMemory a été effectuée. (0x12B)
[0719/172601.315:WARNING:pe_image_reader.cc(340)] could not read dos header from C:\Windows\SYSTEM32\CRYPTBASE.DLL
[0719/172601.487:ERROR:process_memory_win.cc(73)] ReadMemory at 0xf79bea000 of 90112 bytes failed: Seule une partie d’une requête ReadProcessMemory ou WriteProcessMemory a été effectuée. (0x12B)
[0719/172601.487:ERROR:process_memory_win.cc(73)] ReadMemory at 0xf7a3fd000 of 12288 bytes failed: Seule une partie d’une requête ReadProcessMemory ou WriteProcessMemory a été effectuée. (0x12B)
[0719/172601.487:ERROR:process_memory_win.cc(73)] ReadMemory at 0xf7abf5000 of 45056 bytes failed: Seule une partie d’une requête ReadProcessMemory ou WriteProcessMemory a été effectuée. (0x12B)
[0719/172601.487:ERROR:process_memory_win.cc(73)] ReadMemory at 0xf7b3fc000 of 16384 bytes failed: Seule une partie d’une requête ReadProcessMemory ou WriteProcessMemory a été effectuée. (0x12B)
[0719/172601.487:ERROR:process_memory_win.cc(73)] ReadMemory at 0xf7bbfb000 of 20480 bytes failed: Seule une partie d’une requête ReadProcessMemory ou WriteProcessMemory a été effectuée. (0x12B)
[0719/172601.487:ERROR:process_memory_win.cc(73)] ReadMemory at 0xf7c3fe000 of 8192 bytes failed: Seule une partie d’une requête ReadProcessMemory ou WriteProcessMemory a été effectuée. (0x12B)
[0719/172601.487:ERROR:process_memory_win.cc(73)] ReadMemory at 0xf7cbfd000 of 12288 bytes failed: Seule une partie d’une requête ReadProcessMemory ou WriteProcessMemory a été effectuée. (0x12B)
[0719/172601.487:ERROR:process_memory_win.cc(73)] ReadMemory at 0xf7d3fb000 of 20480 bytes failed: Seule une partie d’une requête ReadProcessMemory ou WriteProcessMemory a été effectuée. (0x12B)
[0719/172601.487:ERROR:process_memory_win.cc(73)] ReadMemory at 0xf7e3fd000 of 12288 bytes failed: Seule une partie d’une requête ReadProcessMemory ou WriteProcessMemory a été effectuée. (0x12B)
[0719/172601.487:ERROR:process_memory_win.cc(73)] ReadMemory at 0xf7ebf6000 of 40960 bytes failed: Seule une partie d’une requête ReadProcessMemory ou WriteProcessMemory a été effectuée. (0x12B)
[0719/172601.487:ERROR:process_memory_win.cc(73)] ReadMemory at 0xf7f3f6000 of 40960 bytes failed: Seule une partie d’une requête ReadProcessMemory ou WriteProcessMemory a été effectuée. (0x12B)
[0719/172601.487:ERROR:process_memory_win.cc(73)] ReadMemory at 0xf7fbfd000 of 12288 bytes failed: Seule une partie d’une requête ReadProcessMemory ou WriteProcessMemory a été effectuée. (0x12B)
[0719/172601.487:ERROR:process_memory_win.cc(73)] ReadMemory at 0xf007fa000 of 24576 bytes failed: Seule une partie d’une requête ReadProcessMemory ou WriteProcessMemory a été effectuée. (0x12B)
[0719/172601.487:ERROR:process_memory_win.cc(73)] ReadMemory at 0xf00ffc000 of 16384 bytes failed: Seule une partie d’une requête ReadProcessMemory ou WriteProcessMemory a été effectuée. (0x12B)
[0719/172601.487:ERROR:process_memory_win.cc(73)] ReadMemory at 0xf017fe000 of 8192 bytes failed: Seule une partie d’une requête ReadProcessMemory ou WriteProcessMemory a été effectuée. (0x12B)
[0719/172602.196:ERROR:process_memory_win.cc(73)] ReadMemory at 0xf792ba000 of 852 bytes failed: Seule une partie d’une requête ReadProcessMemory ou WriteProcessMemory a été effectuée. (0x12B)
[0719/172602.196:ERROR:process_memory_win.cc(73)] ReadMemory at 0xf792bb000 of 6024 bytes failed: Seule une partie d’une requête ReadProcessMemory ou WriteProcessMemory a été effectuée. (0x12B)
[0719/172602.196:ERROR:process_memory_win.cc(73)] ReadMemory at 0xf792bd000 of 6024 bytes failed: Seule une partie d’une requête ReadProcessMemory ou WriteProcessMemory a été effectuée. (0x12B)
[0719/172602.196:ERROR:process_memory_win.cc(73)] ReadMemory at 0xf792bf000 of 6024 bytes failed: Seule une partie d’une requête ReadProcessMemory ou WriteProcessMemory a été effectuée. (0x12B)
[0719/172602.196:ERROR:process_memory_win.cc(73)] ReadMemory at 0xf792c1000 of 6024 bytes failed: Seule une partie d’une requête ReadProcessMemory ou WriteProcessMemory a été effectuée. (0x12B)
[0719/172602.196:ERROR:process_memory_win.cc(73)] ReadMemory at 0xf792c3000 of 6024 bytes failed: Seule une partie d’une requête ReadProcessMemory ou WriteProcessMemory a été effectuée. (0x12B)
[0719/172602.196:ERROR:process_memory_win.cc(73)] ReadMemory at 0xf792c5000 of 6024 bytes failed: Seule une partie d’une requête ReadProcessMemory ou WriteProcessMemory a été effectuée. (0x12B)
[0719/172602.196:ERROR:process_memory_win.cc(73)] ReadMemory at 0xf792c7000 of 6024 bytes failed: Seule une partie d’une requête ReadProcessMemory ou WriteProcessMemory a été effectuée. (0x12B)
[0719/172602.196:ERROR:process_memory_win.cc(73)] ReadMemory at 0xf792c9000 of 6024 bytes failed: Seule une partie d’une requête ReadProcessMemory ou WriteProcessMemory a été effectuée. (0x12B)
[0719/172602.196:ERROR:process_memory_win.cc(73)] ReadMemory at 0xf792cd000 of 6024 bytes failed: Seule une partie d’une requête ReadProcessMemory ou WriteProcessMemory a été effectuée. (0x12B)
[0719/172602.196:ERROR:process_memory_win.cc(73)] ReadMemory at 0xf792cf000 of 6024 bytes failed: Seule une partie d’une requête ReadProcessMemory ou WriteProcessMemory a été effectuée. (0x12B)
[0719/172602.196:ERROR:process_memory_win.cc(73)] ReadMemory at 0xf792d1000 of 6024 bytes failed: Seule une partie d’une requête ReadProcessMemory ou WriteProcessMemory a été effectuée. (0x12B)
[0719/172602.196:ERROR:process_memory_win.cc(73)] ReadMemory at 0xf792d3000 of 6024 bytes failed: Seule une partie d’une requête ReadProcessMemory ou WriteProcessMemory a été effectuée. (0x12B)
[0719/172602.196:ERROR:process_memory_win.cc(73)] ReadMemory at 0xf792d5000 of 6024 bytes failed: Seule une partie d’une requête ReadProcessMemory ou WriteProcessMemory a été effectuée. (0x12B)
[0719/172602.196:ERROR:process_memory_win.cc(73)] ReadMemory at 0xf792d7000 of 6024 bytes failed: Seule une partie d’une requête ReadProcessMemory ou WriteProcessMemory a été effectuée. (0x12B)
[0719/172602.196:ERROR:process_memory_win.cc(73)] ReadMemory at 0xf792d9000 of 6024 bytes failed: Seule une partie d’une requête ReadProcessMemory ou WriteProcessMemory a été effectuée. (0x12B)
[0719/172602.196:ERROR:process_memory_win.cc(73)] ReadMemory at 0x19caef00fe0 of 7262 bytes failed: Seule une partie d’une requête ReadProcessMemory ou WriteProcessMemory a été effectuée. (0x12B)
[0719/172602.196:ERROR:process_memory_win.cc(73)] ReadMemory at 0x19caef02c50 of 1012 bytes failed: Seule une partie d’une requête ReadProcessMemory ou WriteProcessMemory a été effectuée. (0x12B)
[0719/172602.212:ERROR:process_memory_win.cc(73)] ReadMemory at 0x19caef03298 of 118 bytes failed: Seule une partie d’une requête ReadProcessMemory ou WriteProcessMemory a été effectuée. (0x12B)
[0719/172602.212:ERROR:process_memory_win.cc(73)] ReadMemory at 0x19caef03310 of 746 bytes failed: Seule une partie d’une requête ReadProcessMemory ou WriteProcessMemory a été effectuée. (0x12B)
[0719/172602.212:ERROR:process_memory_win.cc(73)] ReadMemory at 0x19caef035fc of 118 bytes failed: Seule une partie d’une requête ReadProcessMemory ou WriteProcessMemory a été effectuée. (0x12B)
[0719/172602.212:ERROR:process_memory_win.cc(73)] ReadMemory at 0x19caef03674 of 98 bytes failed: Seule une partie d’une requête ReadProcessMemory ou WriteProcessMemory a été effectuée. (0x12B)
[0719/172602.528:ERROR:process_memory_win.cc(73)] ReadMemory at 0x19caef036f0 of 58 bytes failed: Seule une partie d’une requête ReadProcessMemory ou WriteProcessMemory a été effectuée. (0x12B)
[0719/172602.528:ERROR:process_memory_win.cc(73)] ReadMemory at 0x19caef037f0 of 132 bytes failed: Seule une partie d’une requête ReadProcessMemory ou WriteProcessMemory a été effectuée. (0x12B)
[0719/172602.528:ERROR:process_memory_win.cc(73)] ReadMemory at 0x19caef03980 of 132 bytes failed: Seule une partie d’une requête ReadProcessMemory ou WriteProcessMemory a été effectuée. (0x12B)
[0719/172602.528:ERROR:process_memory_win.cc(73)] ReadMemory at 0x19caef03b40 of 126 bytes failed: Seule une partie d’une requête ReadProcessMemory ou WriteProcessMemory a été effectuée. (0x12B)
[0719/172602.528:ERROR:process_memory_win.cc(73)] ReadMemory at 0x19caef03f20 of 132 bytes failed: Seule une partie d’une requête ReadProcessMemory ou WriteProcessMemory a été effectuée. (0x12B)
[0719/172602.682:ERROR:process_memory_win.cc(73)] ReadMemory at 0x19caef040b0 of 64 bytes failed: Seule une partie d’une requête ReadProcessMemory ou WriteProcessMemory a été effectuée. (0x12B)
[0719/172602.682:ERROR:process_memory_win.cc(73)] ReadMemory at 0x19caef04100 of 132 bytes failed: Seule une partie d’une requête ReadProcessMemory ou WriteProcessMemory a été effectuée. (0x12B)
[0719/172602.682:ERROR:process_memory_win.cc(73)] ReadMemory at 0x19caef04270 of 132 bytes failed: Seule une partie d’une requête ReadProcessMemory ou WriteProcessMemory a été effectuée. (0x12B)
[0719/172602.682:ERROR:process_memory_win.cc(73)] ReadMemory at 0x19caef04510 of 132 bytes failed: Seule une partie d’une requête ReadProcessMemory ou WriteProcessMemory a été effectuée. (0x12B)
[0719/172602.682:ERROR:process_memory_win.cc(73)] ReadMemory at 0x19caef046a0 of 68 bytes failed: Seule une partie d’une requête ReadProcessMemory ou WriteProcessMemory a été effectuée. (0x12B)
[0719/172602.682:ERROR:process_memory_win.cc(73)] ReadMemory at 0x19caef05760 of 132 bytes failed: Seule une partie d’une requête ReadProcessMemory ou WriteProcessMemory a été effectuée. (0x12B)
[0719/172602.682:ERROR:process_memory_win.cc(73)] ReadMemory at 0x19caef058f0 of 154 bytes failed: Seule une partie d’une requête ReadProcessMemory ou WriteProcessMemory a été effectuée. (0x12B)
[0719/172602.682:ERROR:process_memory_win.cc(73)] ReadMemory at 0x19caef067a0 of 62 bytes failed: Seule une partie d’une requête ReadProcessMemory ou WriteProcessMemory a été effectuée. (0x12B)
[0719/172602.682:ERROR:process_memory_win.cc(73)] ReadMemory at 0x19caef067f0 of 132 bytes failed: Seule une partie d’une requête ReadProcessMemory ou WriteProcessMemory a été effectuée. (0x12B)
[0719/172602.682:ERROR:process_memory_win.cc(73)] ReadMemory at 0x19caef06990 of 132 bytes failed: Seule une partie d’une requête ReadProcessMemory ou WriteProcessMemory a été effectuée. (0x12B)
[0719/172602.682:ERROR:process_memory_win.cc(73)] ReadMemory at 0x19caef06ac0 of 60 bytes failed: Seule une partie d’une requête ReadProcessMemory ou WriteProcessMemory a été effectuée. (0x12B)
[0719/172602.744:ERROR:process_memory_win.cc(73)] ReadMemory at 0x19caef08180 of 132 bytes failed: Seule une partie d’une requête ReadProcessMemory ou WriteProcessMemory a été effectuée. (0x12B)
[0719/172602.744:ERROR:process_memory_win.cc(73)] ReadMemory at 0x19caef082b0 of 146 bytes failed: Seule une partie d’une requête ReadProcessMemory ou WriteProcessMemory a été effectuée. (0x12B)
[0719/172602.744:ERROR:process_memory_win.cc(73)] ReadMemory at 0x19caef0aa70 of 132 bytes failed: Seule une partie d’une requête ReadProcessMemory ou WriteProcessMemory a été effectuée. (0x12B)
[0719/172602.744:ERROR:process_memory_win.cc(73)] ReadMemory at 0x19caef0aba0 of 132 bytes failed: Seule une partie d’une requête ReadProcessMemory ou WriteProcessMemory a été effectuée. (0x12B)
[0719/172602.898:ERROR:process_memory_win.cc(73)] ReadMemory at 0x19caef0b1a0 of 60 bytes failed: Seule une partie d’une requête ReadProcessMemory ou WriteProcessMemory a été effectuée. (0x12B)
[0719/172602.898:ERROR:process_memory_win.cc(73)] ReadMemory at 0x19caef0b290 of 64 bytes failed: Seule une partie d’une requête ReadProcessMemory ou WriteProcessMemory a été effectuée. (0x12B)
[0719/172602.898:ERROR:process_memory_win.cc(73)] ReadMemory at 0x19caef0b2e0 of 66 bytes failed: Seule une partie d’une requête ReadProcessMemory ou WriteProcessMemory a été effectuée. (0x12B)
[0719/172602.898:ERROR:process_memory_win.cc(73)] ReadMemory at 0x19caef0b330 of 64 bytes failed: Seule une partie d’une requête ReadProcessMemory ou WriteProcessMemory a été effectuée. (0x12B)
[0719/172602.898:ERROR:process_memory_win.cc(73)] ReadMemory at 0x19caef0b3d0 of 64 bytes failed: Seule une partie d’une requête ReadProcessMemory ou WriteProcessMemory a été effectuée. (0x12B)
[0719/172602.898:ERROR:process_memory_win.cc(73)] ReadMemory at 0x19caef0b420 of 62 bytes failed: Seule une partie d’une requête ReadProcessMemory ou WriteProcessMemory a été effectuée. (0x12B)
[0719/172602.898:ERROR:process_memory_win.cc(73)] ReadMemory at 0x19caef0b470 of 64 bytes failed: Seule une partie d’une requête ReadProcessMemory ou WriteProcessMemory a été effectuée. (0x12B)
[0719/172602.898:ERROR:process_memory_win.cc(73)] ReadMemory at 0x19caef0b4c0 of 60 bytes failed: Seule une partie d’une requête ReadProcessMemory ou WriteProcessMemory a été effectuée. (0x12B)
[0719/172602.898:ERROR:process_memory_win.cc(73)] ReadMemory at 0x19caef0b560 of 62 bytes failed: Seule une partie d’une requête ReadProcessMemory ou WriteProcessMemory a été effectuée. (0x12B)
[0719/172602.898:ERROR:process_memory_win.cc(73)] ReadMemory at 0x19caef0bb80 of 132 bytes failed: Seule une partie d’une requête ReadProcessMemory ou WriteProcessMemory a été effectuée. (0x12B)
[0719/172602.898:ERROR:process_memory_win.cc(73)] ReadMemory at 0x19caef0bdb0 of 132 bytes failed: Seule une partie d’une requête ReadProcessMemory ou WriteProcessMemory a été effectuée. (0x12B)
[0719/172602.898:ERROR:process_memory_win.cc(73)] ReadMemory at 0x19caef0bf40 of 80 bytes failed: Seule une partie d’une requête ReadProcessMemory ou WriteProcessMemory a été effectuée. (0x12B)
[0719/172602.898:ERROR:process_memory_win.cc(73)] ReadMemory at 0x19caef0c1c0 of 132 bytes failed: Seule une partie d’une requête ReadProcessMemory ou WriteProcessMemory a été effectuée. (0x12B)
[0719/172602.898:ERROR:process_memory_win.cc(73)] ReadMemory at 0x19caef0c2f0 of 132 bytes failed: Seule une partie d’une requête ReadProcessMemory ou WriteProcessMemory a été effectuée. (0x12B)
[0719/172602.913:ERROR:process_memory_win.cc(73)] ReadMemory at 0x19caef0c420 of 132 bytes failed: Seule une partie d’une requête ReadProcessMemory ou WriteProcessMemory a été effectuée. (0x12B)
[0719/172602.913:ERROR:process_memory_win.cc(73)] ReadMemory at 0x19caef0c550 of 132 bytes failed: Seule une partie d’une requête ReadProcessMemory ou WriteProcessMemory a été effectuée. (0x12B)
[0719/172602.913:ERROR:process_memory_win.cc(73)] ReadMemory at 0x19caef0c680 of 132 bytes failed: Seule une partie d’une requête ReadProcessMemory ou WriteProcessMemory a été effectuée. (0x12B)
[0719/172602.913:ERROR:process_memory_win.cc(73)] ReadMemory at 0x19caef0c7b0 of 132 bytes failed: Seule une partie d’une requête ReadProcessMemory ou WriteProcessMemory a été effectuée. (0x12B)
[0719/172602.913:ERROR:process_memory_win.cc(73)] ReadMemory at 0x19caef0c8e0 of 132 bytes failed: Seule une partie d’une requête ReadProcessMemory ou WriteProcessMemory a été effectuée. (0x12B)
[0719/172602.913:ERROR:process_memory_win.cc(73)] ReadMemory at 0x19caef0ca10 of 132 bytes failed: Seule une partie d’une requête ReadProcessMemory ou WriteProcessMemory a été effectuée. (0x12B)
[0719/172602.913:ERROR:process_memory_win.cc(73)] ReadMemory at 0x19caef0cb40 of 132 bytes failed: Seule une partie d’une requête ReadProcessMemory ou WriteProcessMemory a été effectuée. (0x12B)
[0719/172602.913:ERROR:process_memory_win.cc(73)] ReadMemory at 0x19caef0cc70 of 132 bytes failed: Seule une partie d’une requête ReadProcessMemory ou WriteProcessMemory a été effectuée. (0x12B)
[0719/172602.913:ERROR:process_memory_win.cc(73)] ReadMemory at 0x19caef0cda0 of 132 bytes failed: Seule une partie d’une requête ReadProcessMemory ou WriteProcessMemory a été effectuée. (0x12B)
[0719/172602.913:ERROR:process_memory_win.cc(73)] ReadMemory at 0x19caef0ced0 of 132 bytes failed: Seule une partie d’une requête ReadProcessMemory ou WriteProcessMemory a été effectuée. (0x12B)
[0719/172602.913:ERROR:process_memory_win.cc(73)] ReadMemory at 0x19caef0e450 of 132 bytes failed: Seule une partie d’une requête ReadProcessMemory ou WriteProcessMemory a été effectuée. (0x12B)
[0719/172602.913:ERROR:process_memory_win.cc(73)] ReadMemory at 0x19caef0e670 of 132 bytes failed: Seule une partie d’une requête ReadProcessMemory ou WriteProcessMemory a été effectuée. (0x12B)
[0719/172602.913:ERROR:process_memory_win.cc(73)] ReadMemory at 0x19caef0f6e0 of 54 bytes failed: Seule une partie d’une requête ReadProcessMemory ou WriteProcessMemory a été effectuée. (0x12B)
[0719/172602.913:ERROR:process_memory_win.cc(73)] ReadMemory at 0x19caef13040 of 132 bytes failed: Seule une partie d’une requête ReadProcessMemory ou WriteProcessMemory a été effectuée. (0x12B)
[0719/172602.913:ERROR:process_memory_win.cc(73)] ReadMemory at 0x19caef15e70 of 76 bytes failed: Seule une partie d’une requête ReadProcessMemory ou WriteProcessMemory a été effectuée. (0x12B)
[0719/172602.913:ERROR:process_memory_win.cc(73)] ReadMemory at 0x19caef16290 of 80 bytes failed: Seule une partie d’une requête ReadProcessMemory ou WriteProcessMemory a été effectuée. (0x12B)
[0719/172602.913:ERROR:process_memory_win.cc(73)] ReadMemory at 0x19caef169e0 of 60 bytes failed: Seule une partie d’une requête ReadProcessMemory ou WriteProcessMemory a été effectuée. (0x12B)
[0719/172602.913:ERROR:process_memory_win.cc(73)] ReadMemory at 0x19caef16a30 of 62 bytes failed: Seule une partie d’une requête ReadProcessMemory ou WriteProcessMemory a été effectuée. (0x12B)
[0719/172602.913:ERROR:process_memory_win.cc(73)] ReadMemory at 0x19caef16a80 of 64 bytes failed: Seule une partie d’une requête ReadProcessMemory ou WriteProcessMemory a été effectuée. (0x12B)
[0719/172602.967:ERROR:process_memory_win.cc(73)] ReadMemory at 0x19caef16ad0 of 62 bytes failed: Seule une partie d’une requête ReadProcessMemory ou WriteProcessMemory a été effectuée. (0x12B)
[0719/172602.967:ERROR:process_memory_win.cc(73)] ReadMemory at 0x19caef16cb0 of 62 bytes failed: Seule une partie d’une requête ReadProcessMemory ou WriteProcessMemory a été effectuée. (0x12B)
[0719/172602.967:ERROR:process_memory_win.cc(73)] ReadMemory at 0x19caef16f80 of 58 bytes failed: Seule une partie d’une requête ReadProcessMemory ou WriteProcessMemory a été effectuée. (0x12B)
[0719/172602.967:ERROR:process_memory_win.cc(73)] ReadMemory at 0x19caef16fd0 of 62 bytes failed: Seule une partie d’une requête ReadProcessMemory ou WriteProcessMemory a été effectuée. (0x12B)
[0719/172602.967:ERROR:process_memory_win.cc(73)] ReadMemory at 0x19caef170c0 of 64 bytes failed: Seule une partie d’une requête ReadProcessMemory ou WriteProcessMemory a été effectuée. (0x12B)
[0719/172602.983:ERROR:process_memory_win.cc(73)] ReadMemory at 0x19caef17160 of 62 bytes failed: Seule une partie d’une requête ReadProcessMemory ou WriteProcessMemory a été effectuée. (0x12B)
[0719/172602.983:ERROR:process_memory_win.cc(73)] ReadMemory at 0x19caef171b0 of 62 bytes failed: Seule une partie d’une requête ReadProcessMemory ou WriteProcessMemory a été effectuée. (0x12B)
[0719/172602.983:ERROR:process_memory_win.cc(73)] ReadMemory at 0x19caef17250 of 64 bytes failed: Seule une partie d’une requête ReadProcessMemory ou WriteProcessMemory a été effectuée. (0x12B)
[0719/172602.983:ERROR:process_memory_win.cc(73)] ReadMemory at 0x19caef172a0 of 60 bytes failed: Seule une partie d’une requête ReadProcessMemory ou WriteProcessMemory a été effectuée. (0x12B)
[0719/172602.983:ERROR:process_memory_win.cc(73)] ReadMemory at 0x19caef172f0 of 60 bytes failed: Seule une partie d’une requête ReadProcessMemory ou WriteProcessMemory a été effectuée. (0x12B)
[0719/172602.983:ERROR:process_memory_win.cc(73)] ReadMemory at 0x19caef17340 of 62 bytes failed: Seule une partie d’une requête ReadProcessMemory ou WriteProcessMemory a été effectuée. (0x12B)
[0719/172602.983:ERROR:process_memory_win.cc(73)] ReadMemory at 0x19caef174d0 of 60 bytes failed: Seule une partie d’une requête ReadProcessMemory ou WriteProcessMemory a été effectuée. (0x12B)
[0719/172602.983:ERROR:process_memory_win.cc(73)] ReadMemory at 0x19caef17520 of 62 bytes failed: Seule une partie d’une requête ReadProcessMemory ou WriteProcessMemory a été effectuée. (0x12B)
[0719/172602.983:ERROR:process_memory_win.cc(73)] ReadMemory at 0x19caef17570 of 66 bytes failed: Seule une partie d’une requête ReadProcessMemory ou WriteProcessMemory a été effectuée. (0x12B)
[0719/172602.983:ERROR:process_memory_win.cc(73)] ReadMemory at 0x19caef175c0 of 64 bytes failed: Seule une partie d’une requête ReadProcessMemory ou WriteProcessMemory a été effectuée. (0x12B)
[0719/172602.983:ERROR:process_memory_win.cc(73)] ReadMemory at 0x19caef18050 of 132 bytes failed: Seule une partie d’une requête ReadProcessMemory ou WriteProcessMemory a été effectuée. (0x12B)
[0719/172602.983:ERROR:process_memory_win.cc(73)] ReadMemory at 0x19caef18180 of 132 bytes failed: Seule une partie d’une requête ReadProcessMemory ou WriteProcessMemory a été effectuée. (0x12B)
[0719/172602.983:ERROR:process_memory_win.cc(73)] ReadMemory at 0x19caef182b0 of 132 bytes failed: Seule une partie d’une requête ReadProcessMemory ou WriteProcessMemory a été effectuée. (0x12B)
[0719/172602.983:ERROR:process_memory_win.cc(73)] ReadMemory at 0x19caef183e0 of 132 bytes failed: Seule une partie d’une requête ReadProcessMemory ou WriteProcessMemory a été effectuée. (0x12B)
[0719/172602.983:ERROR:process_memory_win.cc(73)] ReadMemory at 0x19caef18770 of 132 bytes failed: Seule une partie d’une requête ReadProcessMemory ou WriteProcessMemory a été effectuée. (0x12B)
[0719/172602.983:ERROR:process_memory_win.cc(73)] ReadMemory at 0x19caef18c30 of 132 bytes failed: Seule une partie d’une requête ReadProcessMemory ou WriteProcessMemory a été effectuée. (0x12B)
[0719/172602.983:ERROR:process_memory_win.cc(73)] ReadMemory at 0x19caef18d60 of 132 bytes failed: Seule une partie d’une requête ReadProcessMemory ou WriteProcessMemory a été effectuée. (0x12B)
[0719/172602.983:ERROR:process_memory_win.cc(73)] ReadMemory at 0x19caef19220 of 132 bytes failed: Seule une partie d’une requête ReadProcessMemory ou WriteProcessMemory a été effectuée. (0x12B)
[0719/172602.983:ERROR:process_memory_win.cc(73)] ReadMemory at 0x19caef19480 of 132 bytes failed: Seule une partie d’une requête ReadProcessMemory ou WriteProcessMemory a été effectuée. (0x12B)
[0719/172602.983:ERROR:process_memory_win.cc(73)] ReadMemory at 0x19caef19940 of 132 bytes failed: Seule une partie d’une requête ReadProcessMemory ou WriteProcessMemory a été effectuée. (0x12B)
[0719/172602.983:ERROR:process_memory_win.cc(73)] ReadMemory at 0x19caef2e180 of 512 bytes failed: Seule une partie d’une requête ReadProcessMemory ou WriteProcessMemory a été effectuée. (0x12B)
[0719/172602.983:ERROR:process_memory_win.cc(73)] ReadMemory at 0x19caef2efc0 of 512 bytes failed: Seule une partie d’une requête ReadProcessMemory ou WriteProcessMemory a été effectuée. (0x12B)
[0719/172602.983:ERROR:process_memory_win.cc(73)] ReadMemory at 0x19caf4b0000 of 384 bytes failed: Seule une partie d’une requête ReadProcessMemory ou WriteProcessMemory a été effectuée. (0x12B)
[0719/172602.983:ERROR:process_memory_win.cc(73)] ReadMemory at 0x19caf4f0110 of 512 bytes failed: Seule une partie d’une requête ReadProcessMemory ou WriteProcessMemory a été effectuée. (0x12B)
[0719/172603.170:ERROR:process_memory_win.cc(73)] ReadMemory at 0x19caf50f200 of 712 bytes failed: Seule une partie d’une requête ReadProcessMemory ou WriteProcessMemory a été effectuée. (0x12B)
[0719/172603.170:ERROR:process_memory_win.cc(73)] ReadMemory at 0x19caf512360 of 512 bytes failed: Seule une partie d’une requête ReadProcessMemory ou WriteProcessMemory a été effectuée. (0x12B)
[0719/172603.170:ERROR:process_memory_win.cc(73)] ReadMemory at 0x19caf52a820 of 512 bytes failed: Seule une partie d’une requête ReadProcessMemory ou WriteProcessMemory a été effectuée. (0x12B)
[0719/172603.170:ERROR:process_memory_win.cc(73)] ReadMemory at 0x19caf551b80 of 512 bytes failed: Seule une partie d’une requête ReadProcessMemory ou WriteProcessMemory a été effectuée. (0x12B)
[0719/172603.170:ERROR:process_memory_win.cc(73)] ReadMemory at 0x19caf57d3d0 of 512 bytes failed: Seule une partie d’une requête ReadProcessMemory ou WriteProcessMemory a été effectuée. (0x12B)
[0719/172603.170:ERROR:process_memory_win.cc(73)] ReadMemory at 0x19caf5a7000 of 512 bytes failed: Seule une partie d’une requête ReadProcessMemory ou WriteProcessMemory a été effectuée. (0x12B)
[0719/172603.170:ERROR:process_memory_win.cc(73)] ReadMemory at 0x19cb7417eac of 512 bytes failed: Seule une partie d’une requête ReadProcessMemory ou WriteProcessMemory a été effectuée. (0x12B)
[0719/172603.170:ERROR:process_memory_win.cc(73)] ReadMemory at 0x2e9bd21ff80 of 512 bytes failed: Seule une partie d’une requête ReadProcessMemory ou WriteProcessMemory a été effectuée. (0x12B)
[0719/172603.217:ERROR:process_memory_win.cc(73)] ReadMemory at 0x2e9bd333100 of 512 bytes failed: Seule une partie d’une requête ReadProcessMemory ou WriteProcessMemory a été effectuée. (0x12B)
[0719/172603.217:ERROR:process_memory_win.cc(73)] ReadMemory at 0x2e9be2daa40 of 512 bytes failed: Seule une partie d’une requête ReadProcessMemory ou WriteProcessMemory a été effectuée. (0x12B)
[0719/172603.217:ERROR:process_memory_win.cc(73)] ReadMemory at 0x2e9be2f8c81 of 512 bytes failed: Seule une partie d’une requête ReadProcessMemory ou WriteProcessMemory a été effectuée. (0x12B)
[0719/172603.217:ERROR:process_memory_win.cc(73)] ReadMemory at 0x19dd00000000 of 384 bytes failed: Seule une partie d’une requête ReadProcessMemory ou WriteProcessMemory a été effectuée. (0x12B)
[0719/172603.217:ERROR:process_memory_win.cc(73)] ReadMemory at 0x19dd08040000 of 384 bytes failed: Seule une partie d’une requête ReadProcessMemory ou WriteProcessMemory a été effectuée. (0x12B)
[0719/172603.217:ERROR:process_memory_win.cc(73)] ReadMemory at 0x19dd082810b9 of 512 bytes failed: Seule une partie d’une requête ReadProcessMemory ou WriteProcessMemory a été effectuée. (0x12B)
[0719/172603.217:ERROR:process_memory_win.cc(73)] ReadMemory at 0x19dd5c87ff80 of 512 bytes failed: Seule une partie d’une requête ReadProcessMemory ou WriteProcessMemory a été effectuée. (0x12B)
[0719/172603.486:ERROR:process_memory_win.cc(73)] ReadMemory at 0x19dd5c8ab9f5 of 527 bytes failed: Seule une partie d’une requête ReadProcessMemory ou WriteProcessMemory a été effectuée. (0x12B)
[0719/172603.486:ERROR:process_memory_win.cc(73)] ReadMemory at 0x19dd5c8abfcd of 512 bytes failed: Seule une partie d’une requête ReadProcessMemory ou WriteProcessMemory a été effectuée. (0x12B)
[0719/172603.486:ERROR:process_memory_win.cc(73)] ReadMemory at 0x19dd5d17ff80 of 512 bytes failed: Seule une partie d’une requête ReadProcessMemory ou WriteProcessMemory a été effectuée. (0x12B)
[0719/172603.486:ERROR:process_memory_win.cc(73)] ReadMemory at 0x19dd5d19ad79 of 512 bytes failed: Seule une partie d’une requête ReadProcessMemory ou WriteProcessMemory a été effectuée. (0x12B)
[0719/172603.486:ERROR:process_memory_win.cc(73)] ReadMemory at 0x6627c6ea6738 of 512 bytes failed: Seule une partie d’une requête ReadProcessMemory ou WriteProcessMemory a été effectuée. (0x12B)
[0719/172603.486:ERROR:process_memory_win.cc(73)] ReadMemory at 0x7fff08f2ce95 of 512 bytes failed: Seule une partie d’une requête ReadProcessMemory ou WriteProcessMemory a été effectuée. (0x12B)
[0719/172603.486:ERROR:process_memory_win.cc(73)] ReadMemory at 0x7fff08f2d0e0 of 512 bytes failed: Seule une partie d’une requête ReadProcessMemory ou WriteProcessMemory a été effectuée. (0x12B)
[0719/172603.486:ERROR:process_memory_win.cc(73)] ReadMemory at 0x7fff0b9d3aa0 of 512 bytes failed: Seule une partie d’une requête ReadProcessMemory ou WriteProcessMemory a été effectuée. (0x12B)
[0719/172603.486:ERROR:process_memory_win.cc(73)] ReadMemory at 0x7fff0e0a01f8 of 512 bytes failed: Seule une partie d’une requête ReadProcessMemory ou WriteProcessMemory a été effectuée. (0x12B)
[0719/172603.486:ERROR:process_memory_win.cc(73)] ReadMemory at 0x7fff451e79a5 of 512 bytes failed: Seule une partie d’une requête ReadProcessMemory ou WriteProcessMemory a été effectuée. (0x12B)
[0719/172603.618:ERROR:process_memory_win.cc(73)] ReadMemory at 0x7fff451e8180 of 512 bytes failed: Seule une partie d’une requête ReadProcessMemory ou WriteProcessMemory a été effectuée. (0x12B)
[0719/172605.164:ERROR:process_memory_win.cc(73)] ReadMemory at 0x7fff4fb3c074 of 672 bytes failed: Seule une partie d’une requête ReadProcessMemory ou WriteProcessMemory a été effectuée. (0x12B)
[0719/172607.705:ERROR:process_memory_win.cc(73)] ReadMemory at 0x7fff4fb3f924 of 608 bytes failed: Seule une partie d’une requête ReadProcessMemory ou WriteProcessMemory a été effectuée. (0x12B)
[0719/172607.827:ERROR:process_memory_win.cc(73)] ReadMemory at 0x7fff4fbcc428 of 18 bytes failed: Seule une partie d’une requête ReadProcessMemory ou WriteProcessMemory a été effectuée. (0x12B)
[0719/172607.881:ERROR:process_memory_win.cc(73)] ReadMemory at 0x7fff4fbff4f8 of 40 bytes failed: Seule une partie d’une requête ReadProcessMemory ou WriteProcessMemory a été effectuée. (0x12B)
[0719/172607.947:ERROR:process_memory_win.cc(73)] ReadMemory at 0x7fff4fbff978 of 48 bytes failed: Seule une partie d’une requête ReadProcessMemory ou WriteProcessMemory a été effectuée. (0x12B)
[0719/172607.947:ERROR:process_memory_win.cc(73)] ReadMemory at 0x7fff4fc053c0 of 64 bytes failed: Seule une partie d’une requête ReadProcessMemory ou WriteProcessMemory a été effectuée. (0x12B)
[0719/172609.909:ERROR:scoped_process_suspend.cc(40)] NtResumeProcess: Tentative d’accès à un processus en cours d’arrêt. (0xc000010a)
